2017-11-09 16:12:28,041 - [INFO] - from org.nd4j.linalg.factory.Nd4jBackend in AWT-EventQueue-0
                
Loaded [CpuBackend] backend

2017-11-09 16:12:29,028 - [INFO] - from org.nd4j.nativeblas.NativeOpsHolder in AWT-EventQueue-0
                
Number of threads used for NativeOps: 2

2017-11-09 16:12:29,562 - [INFO] - from org.nd4j.nativeblas.Nd4jBlas in AWT-EventQueue-0
                
Number of threads used for BLAS: 2

2017-11-09 16:12:29,565 - [INFO] - from org.nd4j.linalg.api.ops.executioner.DefaultOpExecutioner in AWT-EventQueue-0
                
Backend used: [CPU]; OS: [Windows 10]

2017-11-09 16:12:29,566 - [INFO] - from org.nd4j.linalg.api.ops.executioner.DefaultOpExecutioner in AWT-EventQueue-0
                
Cores: [4]; Memory: [2.6GB];

2017-11-09 16:12:29,566 - [INFO] - from org.nd4j.linalg.api.ops.executioner.DefaultOpExecutioner in AWT-EventQueue-0
                
Blas vendor: [OPENBLAS]

2017-11-09 16:12:35,137 - [INFO] - from org.deeplearning4j.nn.multilayer.MultiLayerNetwork in AWT-EventQueue-0
                
Starting MultiLayerNetwork with WorkspaceModes set to [training: NONE; inference: SEPARATE]

2017-11-09 16:12:35,739 - [INFO] - from org.deeplearning4j.optimize.listeners.ScoreIterationListener in AWT-EventQueue-0
                
Score at iteration 0 is 2.3464891705623723

2017-11-09 16:12:35,777 - [INFO] - from org.deeplearning4j.optimize.listeners.ScoreIterationListener in AWT-EventQueue-0
                
Score at iteration 1 is 2.3305461171723403

2017-11-09 16:12:35,826 - [INFO] - from org.deeplearning4j.optimize.listeners.ScoreIterationListener in AWT-EventQueue-0
                
Score at iteration 2 is 2.3167860268024163

2017-11-09 16:12:35,864 - [INFO] - from org.deeplearning4j.optimize.listeners.ScoreIterationListener in AWT-EventQueue-0
                
Score at iteration 3 is 2.2717928642065366

2017-11-09 16:12:35,897 - [INFO] - from org.deeplearning4j.optimize.listeners.ScoreIterationListener in AWT-EventQueue-0
                
Score at iteration 4 is 2.2650935404609323

2017-11-09 16:12:35,929 - [INFO] - from org.deeplearning4j.optimize.listeners.ScoreIterationListener in AWT-EventQueue-0
                
Score at iteration 5 is 2.2236702195673614

2017-11-09 16:12:35,961 - [INFO] - from org.deeplearning4j.optimize.listeners.ScoreIterationListener in AWT-EventQueue-0
                
Score at iteration 6 is 2.2076701872350784

2017-11-09 16:12:35,996 - [INFO] - from org.deeplearning4j.optimize.listeners.ScoreIterationListener in AWT-EventQueue-0
                
Score at iteration 7 is 2.1554474600332063

2017-11-09 16:12:36,035 - [INFO] - from org.deeplearning4j.optimize.listeners.ScoreIterationListener in AWT-EventQueue-0
                
Score at iteration 8 is 2.1186606710282674

2017-11-09 16:12:36,074 - [INFO] - from org.deeplearning4j.optimize.listeners.ScoreIterationListener in AWT-EventQueue-0
                
Score at iteration 9 is 2.0563204211095845

2017-11-09 16:12:36,115 - [INFO] - from org.deeplearning4j.optimize.listeners.ScoreIterationListener in AWT-EventQueue-0
                
Score at iteration 10 is 2.0282561808282438

2017-11-09 16:12:36,156 - [INFO] - from org.deeplearning4j.optimize.listeners.ScoreIterationListener in AWT-EventQueue-0
                
Score at iteration 11 is 1.9707870663919427

2017-11-09 16:12:36,199 - [INFO] - from org.deeplearning4j.optimize.listeners.ScoreIterationListener in AWT-EventQueue-0
                
Score at iteration 12 is 1.9120089140214127

2017-11-09 16:12:36,241 - [INFO] - from org.deeplearning4j.optimize.listeners.ScoreIterationListener in AWT-EventQueue-0
                
Score at iteration 13 is 1.8452227640799241

2017-11-09 16:12:36,284 - [INFO] - from org.deeplearning4j.optimize.listeners.ScoreIterationListener in AWT-EventQueue-0
                
Score at iteration 14 is 1.8279240886596049

2017-11-09 16:12:36,321 - [INFO] - from org.deeplearning4j.optimize.listeners.ScoreIterationListener in AWT-EventQueue-0
                
Score at iteration 15 is 1.7829915125676254

2017-11-09 16:12:36,351 - [INFO] - from org.deeplearning4j.optimize.listeners.ScoreIterationListener in AWT-EventQueue-0
                
Score at iteration 16 is 1.6984785935804314

2017-11-09 16:12:36,388 - [INFO] - from org.deeplearning4j.optimize.listeners.ScoreIterationListener in AWT-EventQueue-0
                
Score at iteration 17 is 1.723271062811436

2017-11-09 16:12:36,418 - [INFO] - from org.deeplearning4j.optimize.listeners.ScoreIterationListener in AWT-EventQueue-0
                
Score at iteration 18 is 1.6102211159183708

2017-11-09 16:12:36,451 - [INFO] - from org.deeplearning4j.optimize.listeners.ScoreIterationListener in AWT-EventQueue-0
                
Score at iteration 19 is 1.657290466905984

2017-11-09 16:12:36,487 - [INFO] - from org.deeplearning4j.optimize.listeners.ScoreIterationListener in AWT-EventQueue-0
                
Score at iteration 20 is 1.5735488436892202

2017-11-09 16:12:36,521 - [INFO] - from org.deeplearning4j.optimize.listeners.ScoreIterationListener in AWT-EventQueue-0
                
Score at iteration 21 is 1.5950975197510382

2017-11-09 16:12:36,553 - [INFO] - from org.deeplearning4j.optimize.listeners.ScoreIterationListener in AWT-EventQueue-0
                
Score at iteration 22 is 1.4047755271334461

2017-11-09 16:12:36,592 - [INFO] - from org.deeplearning4j.optimize.listeners.ScoreIterationListener in AWT-EventQueue-0
                
Score at iteration 23 is 1.4409701416840461

2017-11-09 16:12:36,639 - [INFO] - from org.deeplearning4j.optimize.listeners.ScoreIterationListener in AWT-EventQueue-0
                
Score at iteration 24 is 1.4031823988597956

2017-11-09 16:12:36,697 - [INFO] - from org.deeplearning4j.optimize.listeners.ScoreIterationListener in AWT-EventQueue-0
                
Score at iteration 25 is 1.3283994890497965

2017-11-09 16:12:36,728 - [INFO] - from org.deeplearning4j.optimize.listeners.ScoreIterationListener in AWT-EventQueue-0
                
Score at iteration 26 is 1.280668384941527

2017-11-09 16:12:36,757 - [INFO] - from org.deeplearning4j.optimize.listeners.ScoreIterationListener in AWT-EventQueue-0
                
Score at iteration 27 is 1.285981841898435

2017-11-09 16:12:36,792 - [INFO] - from org.deeplearning4j.optimize.listeners.ScoreIterationListener in AWT-EventQueue-0
                
Score at iteration 28 is 1.2397410977148768

2017-11-09 16:12:36,824 - [INFO] - from org.deeplearning4j.optimize.listeners.ScoreIterationListener in AWT-EventQueue-0
                
Score at iteration 29 is 1.1577893056734438

2017-11-09 16:12:36,851 - [INFO] - from org.deeplearning4j.optimize.listeners.ScoreIterationListener in AWT-EventQueue-0
                
Score at iteration 30 is 1.1368392939941627

2017-11-09 16:12:36,887 - [INFO] - from org.deeplearning4j.optimize.listeners.ScoreIterationListener in AWT-EventQueue-0
                
Score at iteration 31 is 1.0573241432567702

2017-11-09 16:12:36,923 - [INFO] - from org.deeplearning4j.optimize.listeners.ScoreIterationListener in AWT-EventQueue-0
                
Score at iteration 32 is 1.0796914495270369

2017-11-09 16:12:36,954 - [INFO] - from org.deeplearning4j.optimize.listeners.ScoreIterationListener in AWT-EventQueue-0
                
Score at iteration 33 is 0.997780433200128

2017-11-09 16:12:36,983 - [INFO] - from org.deeplearning4j.optimize.listeners.ScoreIterationListener in AWT-EventQueue-0
                
Score at iteration 34 is 1.137071076180943

2017-11-09 16:12:37,015 - [INFO] - from org.deeplearning4j.optimize.listeners.ScoreIterationListener in AWT-EventQueue-0
                
Score at iteration 35 is 0.9935500166402227

2017-11-09 16:12:37,046 - [INFO] - from org.deeplearning4j.optimize.listeners.ScoreIterationListener in AWT-EventQueue-0
                
Score at iteration 36 is 1.0205064696776691

2017-11-09 16:12:37,076 - [INFO] - from org.deeplearning4j.optimize.listeners.ScoreIterationListener in AWT-EventQueue-0
                
Score at iteration 37 is 1.0391790101571536

2017-11-09 16:12:37,111 - [INFO] - from org.deeplearning4j.optimize.listeners.ScoreIterationListener in AWT-EventQueue-0
                
Score at iteration 38 is 0.8550746991422322

2017-11-09 16:12:37,144 - [INFO] - from org.deeplearning4j.optimize.listeners.ScoreIterationListener in AWT-EventQueue-0
                
Score at iteration 39 is 0.9312409872615838

2017-11-09 16:12:37,174 - [INFO] - from org.deeplearning4j.optimize.listeners.ScoreIterationListener in AWT-EventQueue-0
                
Score at iteration 40 is 0.9595079670465642

2017-11-09 16:12:37,201 - [INFO] - from org.deeplearning4j.optimize.listeners.ScoreIterationListener in AWT-EventQueue-0
                
Score at iteration 41 is 0.9127704864034474

2017-11-09 16:12:37,249 - [INFO] - from org.deeplearning4j.optimize.listeners.ScoreIterationListener in AWT-EventQueue-0
                
Score at iteration 42 is 0.9421354429209364

2017-11-09 16:12:37,312 - [INFO] - from org.deeplearning4j.optimize.listeners.ScoreIterationListener in AWT-EventQueue-0
                
Score at iteration 43 is 0.9527565263134403

2017-11-09 16:12:37,345 - [INFO] - from org.deeplearning4j.optimize.listeners.ScoreIterationListener in AWT-EventQueue-0
                
Score at iteration 44 is 0.8701910527066432

2017-11-09 16:12:37,378 - [INFO] - from org.deeplearning4j.optimize.listeners.ScoreIterationListener in AWT-EventQueue-0
                
Score at iteration 45 is 0.9056325816856267

2017-11-09 16:12:37,410 - [INFO] - from org.deeplearning4j.optimize.listeners.ScoreIterationListener in AWT-EventQueue-0
                
Score at iteration 46 is 0.9747241505749302

2017-11-09 16:12:37,442 - [INFO] - from org.deeplearning4j.optimize.listeners.ScoreIterationListener in AWT-EventQueue-0
                
Score at iteration 47 is 0.7505214689156284

2017-11-09 16:12:37,480 - [INFO] - from org.deeplearning4j.optimize.listeners.ScoreIterationListener in AWT-EventQueue-0
                
Score at iteration 48 is 0.7895491100023059

2017-11-09 16:12:37,516 - [INFO] - from org.deeplearning4j.optimize.listeners.ScoreIterationListener in AWT-EventQueue-0
                
Score at iteration 49 is 0.8677481460178941

2017-11-09 16:12:37,548 - [INFO] - from org.deeplearning4j.optimize.listeners.ScoreIterationListener in AWT-EventQueue-0
                
Score at iteration 50 is 0.759180736764314

2017-11-09 16:12:37,583 - [INFO] - from org.deeplearning4j.optimize.listeners.ScoreIterationListener in AWT-EventQueue-0
                
Score at iteration 51 is 0.7756076065550312

2017-11-09 16:12:37,615 - [INFO] - from org.deeplearning4j.optimize.listeners.ScoreIterationListener in AWT-EventQueue-0
                
Score at iteration 52 is 0.7080027148554744

2017-11-09 16:12:37,649 - [INFO] - from org.deeplearning4j.optimize.listeners.ScoreIterationListener in AWT-EventQueue-0
                
Score at iteration 53 is 0.794421531403973

2017-11-09 16:12:37,681 - [INFO] - from org.deeplearning4j.optimize.listeners.ScoreIterationListener in AWT-EventQueue-0
                
Score at iteration 54 is 0.8775564855437146

2017-11-09 16:12:37,712 - [INFO] - from org.deeplearning4j.optimize.listeners.ScoreIterationListener in AWT-EventQueue-0
                
Score at iteration 55 is 0.751835692301868

2017-11-09 16:12:37,744 - [INFO] - from org.deeplearning4j.optimize.listeners.ScoreIterationListener in AWT-EventQueue-0
                
Score at iteration 56 is 0.6952132501596311

2017-11-09 16:12:37,786 - [INFO] - from org.deeplearning4j.optimize.listeners.ScoreIterationListener in AWT-EventQueue-0
                
Score at iteration 57 is 0.7317013692604732

2017-11-09 16:12:37,818 - [INFO] - from org.deeplearning4j.optimize.listeners.ScoreIterationListener in AWT-EventQueue-0
                
Score at iteration 58 is 0.7276802038187253

2017-11-09 16:12:37,851 - [INFO] - from org.deeplearning4j.optimize.listeners.ScoreIterationListener in AWT-EventQueue-0
                
Score at iteration 59 is 0.7461501362039459

2017-11-09 16:12:37,885 - [INFO] - from org.deeplearning4j.optimize.listeners.ScoreIterationListener in AWT-EventQueue-0
                
Score at iteration 60 is 0.7709555655036421

2017-11-09 16:12:37,915 - [INFO] - from org.deeplearning4j.optimize.listeners.ScoreIterationListener in AWT-EventQueue-0
                
Score at iteration 61 is 0.785698355246761

2017-11-09 16:12:37,948 - [INFO] - from org.deeplearning4j.optimize.listeners.ScoreIterationListener in AWT-EventQueue-0
                
Score at iteration 62 is 0.7301468252669328

2017-11-09 16:12:37,984 - [INFO] - from org.deeplearning4j.optimize.listeners.ScoreIterationListener in AWT-EventQueue-0
                
Score at iteration 63 is 0.649335442653913

2017-11-09 16:12:38,024 - [INFO] - from org.deeplearning4j.optimize.listeners.ScoreIterationListener in AWT-EventQueue-0
                
Score at iteration 64 is 0.7150184467552131

2017-11-09 16:12:38,059 - [INFO] - from org.deeplearning4j.optimize.listeners.ScoreIterationListener in AWT-EventQueue-0
                
Score at iteration 65 is 0.7228120491780886

2017-11-09 16:12:38,088 - [INFO] - from org.deeplearning4j.optimize.listeners.ScoreIterationListener in AWT-EventQueue-0
                
Score at iteration 66 is 0.6625711207443652

2017-11-09 16:12:38,117 - [INFO] - from org.deeplearning4j.optimize.listeners.ScoreIterationListener in AWT-EventQueue-0
                
Score at iteration 67 is 0.8033492396693671

2017-11-09 16:12:38,150 - [INFO] - from org.deeplearning4j.optimize.listeners.ScoreIterationListener in AWT-EventQueue-0
                
Score at iteration 68 is 0.7698201307278566

2017-11-09 16:12:38,179 - [INFO] - from org.deeplearning4j.optimize.listeners.ScoreIterationListener in AWT-EventQueue-0
                
Score at iteration 69 is 0.6968015117791615

2017-11-09 16:12:38,213 - [INFO] - from org.deeplearning4j.optimize.listeners.ScoreIterationListener in AWT-EventQueue-0
                
Score at iteration 70 is 0.739161094905894

2017-11-09 16:12:38,247 - [INFO] - from org.deeplearning4j.optimize.listeners.ScoreIterationListener in AWT-EventQueue-0
                
Score at iteration 71 is 0.5905331490913885

2017-11-09 16:12:38,281 - [INFO] - from org.deeplearning4j.optimize.listeners.ScoreIterationListener in AWT-EventQueue-0
                
Score at iteration 72 is 0.6496613040725677

2017-11-09 16:12:38,316 - [INFO] - from org.deeplearning4j.optimize.listeners.ScoreIterationListener in AWT-EventQueue-0
                
Score at iteration 73 is 0.6098037282088685

2017-11-09 16:12:38,347 - [INFO] - from org.deeplearning4j.optimize.listeners.ScoreIterationListener in AWT-EventQueue-0
                
Score at iteration 74 is 0.5851742474230015

2017-11-09 16:12:38,377 - [INFO] - from org.deeplearning4j.optimize.listeners.ScoreIterationListener in AWT-EventQueue-0
                
Score at iteration 75 is 0.5759605480883111

2017-11-09 16:12:38,407 - [INFO] - from org.deeplearning4j.optimize.listeners.ScoreIterationListener in AWT-EventQueue-0
                
Score at iteration 76 is 0.6839455596212717

2017-11-09 16:12:38,446 - [INFO] - from org.deeplearning4j.optimize.listeners.ScoreIterationListener in AWT-EventQueue-0
                
Score at iteration 77 is 0.5513701576084254

2017-11-09 16:12:38,480 - [INFO] - from org.deeplearning4j.optimize.listeners.ScoreIterationListener in AWT-EventQueue-0
                
Score at iteration 78 is 0.6877634560362518

2017-11-09 16:12:38,510 - [INFO] - from org.deeplearning4j.optimize.listeners.ScoreIterationListener in AWT-EventQueue-0
                
Score at iteration 79 is 0.6505104222523008

2017-11-09 16:12:38,543 - [INFO] - from org.deeplearning4j.optimize.listeners.ScoreIterationListener in AWT-EventQueue-0
                
Score at iteration 80 is 0.47784967191818095

2017-11-09 16:12:38,578 - [INFO] - from org.deeplearning4j.optimize.listeners.ScoreIterationListener in AWT-EventQueue-0
                
Score at iteration 81 is 0.6411873400556581

2017-11-09 16:12:38,618 - [INFO] - from org.deeplearning4j.optimize.listeners.ScoreIterationListener in AWT-EventQueue-0
                
Score at iteration 82 is 0.5657453691293838

2017-11-09 16:12:38,655 - [INFO] - from org.deeplearning4j.optimize.listeners.ScoreIterationListener in AWT-EventQueue-0
                
Score at iteration 83 is 0.6223137394354421

2017-11-09 16:12:38,686 - [INFO] - from org.deeplearning4j.optimize.listeners.ScoreIterationListener in AWT-EventQueue-0
                
Score at iteration 84 is 0.6193750368922569

2017-11-09 16:12:38,719 - [INFO] - from org.deeplearning4j.optimize.listeners.ScoreIterationListener in AWT-EventQueue-0
                
Score at iteration 85 is 0.5089659995996639

2017-11-09 16:12:38,750 - [INFO] - from org.deeplearning4j.optimize.listeners.ScoreIterationListener in AWT-EventQueue-0
                
Score at iteration 86 is 0.59883983713628

2017-11-09 16:12:38,783 - [INFO] - from org.deeplearning4j.optimize.listeners.ScoreIterationListener in AWT-EventQueue-0
                
Score at iteration 87 is 0.571033363642058

2017-11-09 16:12:38,815 - [INFO] - from org.deeplearning4j.optimize.listeners.ScoreIterationListener in AWT-EventQueue-0
                
Score at iteration 88 is 0.6328140403821964

2017-11-09 16:12:38,841 - [INFO] - from org.deeplearning4j.optimize.listeners.ScoreIterationListener in AWT-EventQueue-0
                
Score at iteration 89 is 0.6030639142316909

2017-11-09 16:12:38,868 - [INFO] - from org.deeplearning4j.optimize.listeners.ScoreIterationListener in AWT-EventQueue-0
                
Score at iteration 90 is 0.5497697156910952

2017-11-09 16:12:38,904 - [INFO] - from org.deeplearning4j.optimize.listeners.ScoreIterationListener in AWT-EventQueue-0
                
Score at iteration 91 is 0.7003243562354786

2017-11-09 16:12:38,933 - [INFO] - from org.deeplearning4j.optimize.listeners.ScoreIterationListener in AWT-EventQueue-0
                
Score at iteration 92 is 0.5840124297720267

2017-11-09 16:12:38,959 - [INFO] - from org.deeplearning4j.optimize.listeners.ScoreIterationListener in AWT-EventQueue-0
                
Score at iteration 93 is 0.5302230938552142

2017-11-09 16:12:38,987 - [INFO] - from org.deeplearning4j.optimize.listeners.ScoreIterationListener in AWT-EventQueue-0
                
Score at iteration 94 is 0.6400582228247608

2017-11-09 16:12:39,015 - [INFO] - from org.deeplearning4j.optimize.listeners.ScoreIterationListener in AWT-EventQueue-0
                
Score at iteration 95 is 0.5780676470531491

2017-11-09 16:12:39,043 - [INFO] - from org.deeplearning4j.optimize.listeners.ScoreIterationListener in AWT-EventQueue-0
                
Score at iteration 96 is 0.5101745383214169

2017-11-09 16:12:39,076 - [INFO] - from org.deeplearning4j.optimize.listeners.ScoreIterationListener in AWT-EventQueue-0
                
Score at iteration 97 is 0.520972556887792

2017-11-09 16:12:39,107 - [INFO] - from org.deeplearning4j.optimize.listeners.ScoreIterationListener in AWT-EventQueue-0
                
Score at iteration 98 is 0.5311303015164883

2017-11-09 16:12:39,135 - [INFO] - from org.deeplearning4j.optimize.listeners.ScoreIterationListener in AWT-EventQueue-0
                
Score at iteration 99 is 0.49842390018966376

2017-11-09 16:12:39,170 - [INFO] - from org.deeplearning4j.optimize.listeners.ScoreIterationListener in AWT-EventQueue-0
                
Score at iteration 100 is 0.6418644841559604

2017-11-09 16:12:39,202 - [INFO] - from org.deeplearning4j.optimize.listeners.ScoreIterationListener in AWT-EventQueue-0
                
Score at iteration 101 is 0.5185503783804822

2017-11-09 16:12:39,229 - [INFO] - from org.deeplearning4j.optimize.listeners.ScoreIterationListener in AWT-EventQueue-0
                
Score at iteration 102 is 0.47137763218803347

2017-11-09 16:12:39,263 - [INFO] - from org.deeplearning4j.optimize.listeners.ScoreIterationListener in AWT-EventQueue-0
                
Score at iteration 103 is 0.5674266230215934

2017-11-09 16:12:39,291 - [INFO] - from org.deeplearning4j.optimize.listeners.ScoreIterationListener in AWT-EventQueue-0
                
Score at iteration 104 is 0.5534473446393955

2017-11-09 16:12:39,321 - [INFO] - from org.deeplearning4j.optimize.listeners.ScoreIterationListener in AWT-EventQueue-0
                
Score at iteration 105 is 0.5262254637991691

2017-11-09 16:12:39,351 - [INFO] - from org.deeplearning4j.optimize.listeners.ScoreIterationListener in AWT-EventQueue-0
                
Score at iteration 106 is 0.5353450119607404

2017-11-09 16:12:39,387 - [INFO] - from org.deeplearning4j.optimize.listeners.ScoreIterationListener in AWT-EventQueue-0
                
Score at iteration 107 is 0.49004015469541035

2017-11-09 16:12:39,420 - [INFO] - from org.deeplearning4j.optimize.listeners.ScoreIterationListener in AWT-EventQueue-0
                
Score at iteration 108 is 0.549936661947313

2017-11-09 16:12:39,452 - [INFO] - from org.deeplearning4j.optimize.listeners.ScoreIterationListener in AWT-EventQueue-0
                
Score at iteration 109 is 0.5507966735151176

2017-11-09 16:12:39,481 - [INFO] - from org.deeplearning4j.optimize.listeners.ScoreIterationListener in AWT-EventQueue-0
                
Score at iteration 110 is 0.5549181327096384

2017-11-09 16:12:39,514 - [INFO] - from org.deeplearning4j.optimize.listeners.ScoreIterationListener in AWT-EventQueue-0
                
Score at iteration 111 is 0.4931716017292591

2017-11-09 16:12:39,544 - [INFO] - from org.deeplearning4j.optimize.listeners.ScoreIterationListener in AWT-EventQueue-0
                
Score at iteration 112 is 0.5466962197966679

2017-11-09 16:12:39,577 - [INFO] - from org.deeplearning4j.optimize.listeners.ScoreIterationListener in AWT-EventQueue-0
                
Score at iteration 113 is 0.581731686671151

2017-11-09 16:12:39,605 - [INFO] - from org.deeplearning4j.optimize.listeners.ScoreIterationListener in AWT-EventQueue-0
                
Score at iteration 114 is 0.4441566901895387

2017-11-09 16:12:39,632 - [INFO] - from org.deeplearning4j.optimize.listeners.ScoreIterationListener in AWT-EventQueue-0
                
Score at iteration 115 is 0.5725768368014857

2017-11-09 16:12:39,663 - [INFO] - from org.deeplearning4j.optimize.listeners.ScoreIterationListener in AWT-EventQueue-0
                
Score at iteration 116 is 0.4600182667505055

2017-11-09 16:12:39,691 - [INFO] - from org.deeplearning4j.optimize.listeners.ScoreIterationListener in AWT-EventQueue-0
                
Score at iteration 117 is 0.4631478128536855

2017-11-09 16:12:39,720 - [INFO] - from org.deeplearning4j.optimize.listeners.ScoreIterationListener in AWT-EventQueue-0
                
Score at iteration 118 is 0.5786813470690886

2017-11-09 16:12:39,750 - [INFO] - from org.deeplearning4j.optimize.listeners.ScoreIterationListener in AWT-EventQueue-0
                
Score at iteration 119 is 0.4799400281806781

2017-11-09 16:12:39,783 - [INFO] - from org.deeplearning4j.optimize.listeners.ScoreIterationListener in AWT-EventQueue-0
                
Score at iteration 120 is 0.48494545228007985

2017-11-09 16:12:39,814 - [INFO] - from org.deeplearning4j.optimize.listeners.ScoreIterationListener in AWT-EventQueue-0
                
Score at iteration 121 is 0.489030935521548

2017-11-09 16:12:39,849 - [INFO] - from org.deeplearning4j.optimize.listeners.ScoreIterationListener in AWT-EventQueue-0
                
Score at iteration 122 is 0.5199431903184999

2017-11-09 16:12:39,879 - [INFO] - from org.deeplearning4j.optimize.listeners.ScoreIterationListener in AWT-EventQueue-0
                
Score at iteration 123 is 0.37714867436106136

2017-11-09 16:12:39,914 - [INFO] - from org.deeplearning4j.optimize.listeners.ScoreIterationListener in AWT-EventQueue-0
                
Score at iteration 124 is 0.5000104514087386

2017-11-09 16:12:39,941 - [INFO] - from org.deeplearning4j.optimize.listeners.ScoreIterationListener in AWT-EventQueue-0
                
Score at iteration 125 is 0.4091296433484448

2017-11-09 16:12:39,974 - [INFO] - from org.deeplearning4j.optimize.listeners.ScoreIterationListener in AWT-EventQueue-0
                
Score at iteration 126 is 0.47623476187615765

2017-11-09 16:12:40,008 - [INFO] - from org.deeplearning4j.optimize.listeners.ScoreIterationListener in AWT-EventQueue-0
                
Score at iteration 127 is 0.481054158770149

2017-11-09 16:12:40,036 - [INFO] - from org.deeplearning4j.optimize.listeners.ScoreIterationListener in AWT-EventQueue-0
                
Score at iteration 128 is 0.5819092720774389

2017-11-09 16:12:40,073 - [INFO] - from org.deeplearning4j.optimize.listeners.ScoreIterationListener in AWT-EventQueue-0
                
Score at iteration 129 is 0.5578281311247719

2017-11-09 16:12:40,104 - [INFO] - from org.deeplearning4j.optimize.listeners.ScoreIterationListener in AWT-EventQueue-0
                
Score at iteration 130 is 0.5648807618639007

2017-11-09 16:12:40,130 - [INFO] - from org.deeplearning4j.optimize.listeners.ScoreIterationListener in AWT-EventQueue-0
                
Score at iteration 131 is 0.3776617073071666

2017-11-09 16:12:40,159 - [INFO] - from org.deeplearning4j.optimize.listeners.ScoreIterationListener in AWT-EventQueue-0
                
Score at iteration 132 is 0.4726460901181446

2017-11-09 16:12:40,187 - [INFO] - from org.deeplearning4j.optimize.listeners.ScoreIterationListener in AWT-EventQueue-0
                
Score at iteration 133 is 0.4855492738804936

2017-11-09 16:12:40,220 - [INFO] - from org.deeplearning4j.optimize.listeners.ScoreIterationListener in AWT-EventQueue-0
                
Score at iteration 134 is 0.47871911768692044

2017-11-09 16:12:40,248 - [INFO] - from org.deeplearning4j.optimize.listeners.ScoreIterationListener in AWT-EventQueue-0
                
Score at iteration 135 is 0.3670150073818446

2017-11-09 16:12:40,282 - [INFO] - from org.deeplearning4j.optimize.listeners.ScoreIterationListener in AWT-EventQueue-0
                
Score at iteration 136 is 0.5997978780161127

2017-11-09 16:12:40,318 - [INFO] - from org.deeplearning4j.optimize.listeners.ScoreIterationListener in AWT-EventQueue-0
                
Score at iteration 137 is 0.4210141914902784

2017-11-09 16:12:40,349 - [INFO] - from org.deeplearning4j.optimize.listeners.ScoreIterationListener in AWT-EventQueue-0
                
Score at iteration 138 is 0.3812865927525515

2017-11-09 16:12:40,377 - [INFO] - from org.deeplearning4j.optimize.listeners.ScoreIterationListener in AWT-EventQueue-0
                
Score at iteration 139 is 0.45898071124308726

2017-11-09 16:12:40,408 - [INFO] - from org.deeplearning4j.optimize.listeners.ScoreIterationListener in AWT-EventQueue-0
                
Score at iteration 140 is 0.4365504991032105

2017-11-09 16:12:40,439 - [INFO] - from org.deeplearning4j.optimize.listeners.ScoreIterationListener in AWT-EventQueue-0
                
Score at iteration 141 is 0.4483985322642068

2017-11-09 16:12:40,471 - [INFO] - from org.deeplearning4j.optimize.listeners.ScoreIterationListener in AWT-EventQueue-0
                
Score at iteration 142 is 0.3559071726553689

2017-11-09 16:12:40,503 - [INFO] - from org.deeplearning4j.optimize.listeners.ScoreIterationListener in AWT-EventQueue-0
                
Score at iteration 143 is 0.5034136772686278

2017-11-09 16:12:40,531 - [INFO] - from org.deeplearning4j.optimize.listeners.ScoreIterationListener in AWT-EventQueue-0
                
Score at iteration 144 is 0.4255491474003396

2017-11-09 16:12:40,557 - [INFO] - from org.deeplearning4j.optimize.listeners.ScoreIterationListener in AWT-EventQueue-0
                
Score at iteration 145 is 0.4154325685220903

2017-11-09 16:12:40,587 - [INFO] - from org.deeplearning4j.optimize.listeners.ScoreIterationListener in AWT-EventQueue-0
                
Score at iteration 146 is 0.44654753393921814

2017-11-09 16:12:40,616 - [INFO] - from org.deeplearning4j.optimize.listeners.ScoreIterationListener in AWT-EventQueue-0
                
Score at iteration 147 is 0.5526385258447545

2017-11-09 16:12:40,663 - [INFO] - from org.deeplearning4j.optimize.listeners.ScoreIterationListener in AWT-EventQueue-0
                
Score at iteration 148 is 0.501542770460668

2017-11-09 16:12:40,704 - [INFO] - from org.deeplearning4j.optimize.listeners.ScoreIterationListener in AWT-EventQueue-0
                
Score at iteration 149 is 0.5651956726419527

2017-11-09 16:12:40,737 - [INFO] - from org.deeplearning4j.optimize.listeners.ScoreIterationListener in AWT-EventQueue-0
                
Score at iteration 150 is 0.4867301790173318

2017-11-09 16:12:40,784 - [INFO] - from org.deeplearning4j.optimize.listeners.ScoreIterationListener in AWT-EventQueue-0
                
Score at iteration 151 is 0.400344299372561

2017-11-09 16:12:40,812 - [INFO] - from org.deeplearning4j.optimize.listeners.ScoreIterationListener in AWT-EventQueue-0
                
Score at iteration 152 is 0.43005846303546846

2017-11-09 16:12:40,847 - [INFO] - from org.deeplearning4j.optimize.listeners.ScoreIterationListener in AWT-EventQueue-0
                
Score at iteration 153 is 0.4377238254391598

2017-11-09 16:12:40,874 - [INFO] - from org.deeplearning4j.optimize.listeners.ScoreIterationListener in AWT-EventQueue-0
                
Score at iteration 154 is 0.4092003773142643

2017-11-09 16:12:40,910 - [INFO] - from org.deeplearning4j.optimize.listeners.ScoreIterationListener in AWT-EventQueue-0
                
Score at iteration 155 is 0.4672294605902619

2017-11-09 16:12:40,940 - [INFO] - from org.deeplearning4j.optimize.listeners.ScoreIterationListener in AWT-EventQueue-0
                
Score at iteration 156 is 0.45586794986783585

2017-11-09 16:12:40,971 - [INFO] - from org.deeplearning4j.optimize.listeners.ScoreIterationListener in AWT-EventQueue-0
                
Score at iteration 157 is 0.43399295345529587

2017-11-09 16:12:40,996 - [INFO] - from org.deeplearning4j.optimize.listeners.ScoreIterationListener in AWT-EventQueue-0
                
Score at iteration 158 is 0.4023328423151083

2017-11-09 16:12:41,028 - [INFO] - from org.deeplearning4j.optimize.listeners.ScoreIterationListener in AWT-EventQueue-0
                
Score at iteration 159 is 0.3719088114832102

2017-11-09 16:12:41,056 - [INFO] - from org.deeplearning4j.optimize.listeners.ScoreIterationListener in AWT-EventQueue-0
                
Score at iteration 160 is 0.45160579311848714

2017-11-09 16:12:41,086 - [INFO] - from org.deeplearning4j.optimize.listeners.ScoreIterationListener in AWT-EventQueue-0
                
Score at iteration 161 is 0.4956422090288939

2017-11-09 16:12:41,115 - [INFO] - from org.deeplearning4j.optimize.listeners.ScoreIterationListener in AWT-EventQueue-0
                
Score at iteration 162 is 0.411965778144381

2017-11-09 16:12:41,144 - [INFO] - from org.deeplearning4j.optimize.listeners.ScoreIterationListener in AWT-EventQueue-0
                
Score at iteration 163 is 0.4096125540513434

2017-11-09 16:12:41,181 - [INFO] - from org.deeplearning4j.optimize.listeners.ScoreIterationListener in AWT-EventQueue-0
                
Score at iteration 164 is 0.3775476061556245

2017-11-09 16:12:41,214 - [INFO] - from org.deeplearning4j.optimize.listeners.ScoreIterationListener in AWT-EventQueue-0
                
Score at iteration 165 is 0.43983251891106784

2017-11-09 16:12:41,245 - [INFO] - from org.deeplearning4j.optimize.listeners.ScoreIterationListener in AWT-EventQueue-0
                
Score at iteration 166 is 0.46413496908704543

2017-11-09 16:12:41,277 - [INFO] - from org.deeplearning4j.optimize.listeners.ScoreIterationListener in AWT-EventQueue-0
                
Score at iteration 167 is 0.5122985881575473

2017-11-09 16:12:41,310 - [INFO] - from org.deeplearning4j.optimize.listeners.ScoreIterationListener in AWT-EventQueue-0
                
Score at iteration 168 is 0.46131905819773233

2017-11-09 16:12:41,342 - [INFO] - from org.deeplearning4j.optimize.listeners.ScoreIterationListener in AWT-EventQueue-0
                
Score at iteration 169 is 0.5644232583367316

2017-11-09 16:12:41,374 - [INFO] - from org.deeplearning4j.optimize.listeners.ScoreIterationListener in AWT-EventQueue-0
                
Score at iteration 170 is 0.44654961252861836

2017-11-09 16:12:41,401 - [INFO] - from org.deeplearning4j.optimize.listeners.ScoreIterationListener in AWT-EventQueue-0
                
Score at iteration 171 is 0.5321201525017325

2017-11-09 16:12:41,427 - [INFO] - from org.deeplearning4j.optimize.listeners.ScoreIterationListener in AWT-EventQueue-0
                
Score at iteration 172 is 0.505421110114304

2017-11-09 16:12:41,460 - [INFO] - from org.deeplearning4j.optimize.listeners.ScoreIterationListener in AWT-EventQueue-0
                
Score at iteration 173 is 0.3974069967460995

2017-11-09 16:12:41,493 - [INFO] - from org.deeplearning4j.optimize.listeners.ScoreIterationListener in AWT-EventQueue-0
                
Score at iteration 174 is 0.4778918879750335

2017-11-09 16:12:41,521 - [INFO] - from org.deeplearning4j.optimize.listeners.ScoreIterationListener in AWT-EventQueue-0
                
Score at iteration 175 is 0.44262858046471915

2017-11-09 16:12:41,546 - [INFO] - from org.deeplearning4j.optimize.listeners.ScoreIterationListener in AWT-EventQueue-0
                
Score at iteration 176 is 0.41907892591593854

2017-11-09 16:12:41,576 - [INFO] - from org.deeplearning4j.optimize.listeners.ScoreIterationListener in AWT-EventQueue-0
                
Score at iteration 177 is 0.3664532347995995

2017-11-09 16:12:41,609 - [INFO] - from org.deeplearning4j.optimize.listeners.ScoreIterationListener in AWT-EventQueue-0
                
Score at iteration 178 is 0.4269190702336092

2017-11-09 16:12:41,640 - [INFO] - from org.deeplearning4j.optimize.listeners.ScoreIterationListener in AWT-EventQueue-0
                
Score at iteration 179 is 0.4104916064688669

2017-11-09 16:12:41,670 - [INFO] - from org.deeplearning4j.optimize.listeners.ScoreIterationListener in AWT-EventQueue-0
                
Score at iteration 180 is 0.3970779919749572

2017-11-09 16:12:41,700 - [INFO] - from org.deeplearning4j.optimize.listeners.ScoreIterationListener in AWT-EventQueue-0
                
Score at iteration 181 is 0.341907956846513

2017-11-09 16:12:41,732 - [INFO] - from org.deeplearning4j.optimize.listeners.ScoreIterationListener in AWT-EventQueue-0
                
Score at iteration 182 is 0.4444902581155014

2017-11-09 16:12:41,757 - [INFO] - from org.deeplearning4j.optimize.listeners.ScoreIterationListener in AWT-EventQueue-0
                
Score at iteration 183 is 0.4818438886941704

2017-11-09 16:12:41,788 - [INFO] - from org.deeplearning4j.optimize.listeners.ScoreIterationListener in AWT-EventQueue-0
                
Score at iteration 184 is 0.42855202408248383

2017-11-09 16:12:41,820 - [INFO] - from org.deeplearning4j.optimize.listeners.ScoreIterationListener in AWT-EventQueue-0
                
Score at iteration 185 is 0.4355410493934725

2017-11-09 16:12:41,851 - [INFO] - from org.deeplearning4j.optimize.listeners.ScoreIterationListener in AWT-EventQueue-0
                
Score at iteration 186 is 0.39953876572193087

2017-11-09 16:12:41,880 - [INFO] - from org.deeplearning4j.optimize.listeners.ScoreIterationListener in AWT-EventQueue-0
                
Score at iteration 187 is 0.3984687366772465

2017-11-09 16:12:41,916 - [INFO] - from org.deeplearning4j.optimize.listeners.ScoreIterationListener in AWT-EventQueue-0
                
Score at iteration 188 is 0.40036362268156783

2017-11-09 16:12:41,945 - [INFO] - from org.deeplearning4j.optimize.listeners.ScoreIterationListener in AWT-EventQueue-0
                
Score at iteration 189 is 0.3251449995428837

2017-11-09 16:12:41,977 - [INFO] - from org.deeplearning4j.optimize.listeners.ScoreIterationListener in AWT-EventQueue-0
                
Score at iteration 190 is 0.44992567912953474

2017-11-09 16:12:42,012 - [INFO] - from org.deeplearning4j.optimize.listeners.ScoreIterationListener in AWT-EventQueue-0
                
Score at iteration 191 is 0.3099480672223463

2017-11-09 16:12:42,039 - [INFO] - from org.deeplearning4j.optimize.listeners.ScoreIterationListener in AWT-EventQueue-0
                
Score at iteration 192 is 0.41415238916240465

2017-11-09 16:12:42,068 - [INFO] - from org.deeplearning4j.optimize.listeners.ScoreIterationListener in AWT-EventQueue-0
                
Score at iteration 193 is 0.3426500247790266

2017-11-09 16:12:42,102 - [INFO] - from org.deeplearning4j.optimize.listeners.ScoreIterationListener in AWT-EventQueue-0
                
Score at iteration 194 is 0.47297250541361274

2017-11-09 16:12:42,129 - [INFO] - from org.deeplearning4j.optimize.listeners.ScoreIterationListener in AWT-EventQueue-0
                
Score at iteration 195 is 0.41568572953030647

2017-11-09 16:12:42,160 - [INFO] - from org.deeplearning4j.optimize.listeners.ScoreIterationListener in AWT-EventQueue-0
                
Score at iteration 196 is 0.42727230025000595

2017-11-09 16:12:42,186 - [INFO] - from org.deeplearning4j.optimize.listeners.ScoreIterationListener in AWT-EventQueue-0
                
Score at iteration 197 is 0.39157629555077345

2017-11-09 16:12:42,218 - [INFO] - from org.deeplearning4j.optimize.listeners.ScoreIterationListener in AWT-EventQueue-0
                
Score at iteration 198 is 0.4545644226702962

2017-11-09 16:12:42,244 - [INFO] - from org.deeplearning4j.optimize.listeners.ScoreIterationListener in AWT-EventQueue-0
                
Score at iteration 199 is 0.4292408772252983

2017-11-09 16:12:42,275 - [INFO] - from org.deeplearning4j.optimize.listeners.ScoreIterationListener in AWT-EventQueue-0
                
Score at iteration 200 is 0.46717216272422507

2017-11-09 16:12:42,300 - [INFO] - from org.deeplearning4j.optimize.listeners.ScoreIterationListener in AWT-EventQueue-0
                
Score at iteration 201 is 0.4472672733383085

2017-11-09 16:12:42,337 - [INFO] - from org.deeplearning4j.optimize.listeners.ScoreIterationListener in AWT-EventQueue-0
                
Score at iteration 202 is 0.3926145440811961

2017-11-09 16:12:42,370 - [INFO] - from org.deeplearning4j.optimize.listeners.ScoreIterationListener in AWT-EventQueue-0
                
Score at iteration 203 is 0.3955534346317874

2017-11-09 16:12:42,400 - [INFO] - from org.deeplearning4j.optimize.listeners.ScoreIterationListener in AWT-EventQueue-0
                
Score at iteration 204 is 0.42610697640849177

2017-11-09 16:12:42,427 - [INFO] - from org.deeplearning4j.optimize.listeners.ScoreIterationListener in AWT-EventQueue-0
                
Score at iteration 205 is 0.418728836963733

2017-11-09 16:12:42,455 - [INFO] - from org.deeplearning4j.optimize.listeners.ScoreIterationListener in AWT-EventQueue-0
                
Score at iteration 206 is 0.4318693604740548

2017-11-09 16:12:42,492 - [INFO] - from org.deeplearning4j.optimize.listeners.ScoreIterationListener in AWT-EventQueue-0
                
Score at iteration 207 is 0.29386275523701744

2017-11-09 16:12:42,521 - [INFO] - from org.deeplearning4j.optimize.listeners.ScoreIterationListener in AWT-EventQueue-0
                
Score at iteration 208 is 0.321820276455008

2017-11-09 16:12:42,552 - [INFO] - from org.deeplearning4j.optimize.listeners.ScoreIterationListener in AWT-EventQueue-0
                
Score at iteration 209 is 0.39097670745805907

2017-11-09 16:12:42,581 - [INFO] - from org.deeplearning4j.optimize.listeners.ScoreIterationListener in AWT-EventQueue-0
                
Score at iteration 210 is 0.26438290187320135

2017-11-09 16:12:42,610 - [INFO] - from org.deeplearning4j.optimize.listeners.ScoreIterationListener in AWT-EventQueue-0
                
Score at iteration 211 is 0.4418066990069947

2017-11-09 16:12:42,643 - [INFO] - from org.deeplearning4j.optimize.listeners.ScoreIterationListener in AWT-EventQueue-0
                
Score at iteration 212 is 0.39046411384134544

2017-11-09 16:12:42,674 - [INFO] - from org.deeplearning4j.optimize.listeners.ScoreIterationListener in AWT-EventQueue-0
                
Score at iteration 213 is 0.45586917736228644

2017-11-09 16:12:42,714 - [INFO] - from org.deeplearning4j.optimize.listeners.ScoreIterationListener in AWT-EventQueue-0
                
Score at iteration 214 is 0.3142287452900681

2017-11-09 16:12:42,744 - [INFO] - from org.deeplearning4j.optimize.listeners.ScoreIterationListener in AWT-EventQueue-0
                
Score at iteration 215 is 0.3590380795805358

2017-11-09 16:12:42,781 - [INFO] - from org.deeplearning4j.optimize.listeners.ScoreIterationListener in AWT-EventQueue-0
                
Score at iteration 216 is 0.35447581363255715

2017-11-09 16:12:42,815 - [INFO] - from org.deeplearning4j.optimize.listeners.ScoreIterationListener in AWT-EventQueue-0
                
Score at iteration 217 is 0.325665574207261

2017-11-09 16:12:42,844 - [INFO] - from org.deeplearning4j.optimize.listeners.ScoreIterationListener in AWT-EventQueue-0
                
Score at iteration 218 is 0.38280537897245864

2017-11-09 16:12:42,878 - [INFO] - from org.deeplearning4j.optimize.listeners.ScoreIterationListener in AWT-EventQueue-0
                
Score at iteration 219 is 0.47217908072116793

2017-11-09 16:12:42,919 - [INFO] - from org.deeplearning4j.optimize.listeners.ScoreIterationListener in AWT-EventQueue-0
                
Score at iteration 220 is 0.358273255410673

2017-11-09 16:12:42,957 - [INFO] - from org.deeplearning4j.optimize.listeners.ScoreIterationListener in AWT-EventQueue-0
                
Score at iteration 221 is 0.4213643186062231

2017-11-09 16:12:42,988 - [INFO] - from org.deeplearning4j.optimize.listeners.ScoreIterationListener in AWT-EventQueue-0
                
Score at iteration 222 is 0.3793335580619566

2017-11-09 16:12:43,018 - [INFO] - from org.deeplearning4j.optimize.listeners.ScoreIterationListener in AWT-EventQueue-0
                
Score at iteration 223 is 0.41808414100587765

2017-11-09 16:12:43,046 - [INFO] - from org.deeplearning4j.optimize.listeners.ScoreIterationListener in AWT-EventQueue-0
                
Score at iteration 224 is 0.2431253812225415

2017-11-09 16:12:43,076 - [INFO] - from org.deeplearning4j.optimize.listeners.ScoreIterationListener in AWT-EventQueue-0
                
Score at iteration 225 is 0.3716749968150162

2017-11-09 16:12:43,110 - [INFO] - from org.deeplearning4j.optimize.listeners.ScoreIterationListener in AWT-EventQueue-0
                
Score at iteration 226 is 0.38564897061376896

2017-11-09 16:12:43,149 - [INFO] - from org.deeplearning4j.optimize.listeners.ScoreIterationListener in AWT-EventQueue-0
                
Score at iteration 227 is 0.4602614024091041

2017-11-09 16:12:43,181 - [INFO] - from org.deeplearning4j.optimize.listeners.ScoreIterationListener in AWT-EventQueue-0
                
Score at iteration 228 is 0.5467008237016125

2017-11-09 16:12:43,209 - [INFO] - from org.deeplearning4j.optimize.listeners.ScoreIterationListener in AWT-EventQueue-0
                
Score at iteration 229 is 0.34780744575502526

2017-11-09 16:12:43,446 - [INFO] - from org.deeplearning4j.optimize.listeners.ScoreIterationListener in AWT-EventQueue-0
                
Score at iteration 230 is 0.4315652229787844

2017-11-09 16:12:43,521 - [INFO] - from org.deeplearning4j.optimize.listeners.ScoreIterationListener in AWT-EventQueue-0
                
Score at iteration 231 is 0.40944297904512633

2017-11-09 16:12:43,592 - [INFO] - from org.deeplearning4j.optimize.listeners.ScoreIterationListener in AWT-EventQueue-0
                
Score at iteration 232 is 0.35080189327432054

2017-11-09 16:12:43,667 - [INFO] - from org.deeplearning4j.optimize.listeners.ScoreIterationListener in AWT-EventQueue-0
                
Score at iteration 233 is 0.4460252818084923

2017-11-09 16:14:40,989 - [INFO] - from org.nd4j.linalg.factory.Nd4jBackend in Thread-2
                
Loaded [CpuBackend] backend

2017-11-09 16:14:41,969 - [INFO] - from org.nd4j.nativeblas.NativeOpsHolder in Thread-2
                
Number of threads used for NativeOps: 2

2017-11-09 16:14:42,551 - [INFO] - from org.nd4j.nativeblas.Nd4jBlas in Thread-2
                
Number of threads used for BLAS: 2

2017-11-09 16:14:42,555 - [INFO] - from org.nd4j.linalg.api.ops.executioner.DefaultOpExecutioner in Thread-2
                
Backend used: [CPU]; OS: [Windows 10]

2017-11-09 16:14:42,555 - [INFO] - from org.nd4j.linalg.api.ops.executioner.DefaultOpExecutioner in Thread-2
                
Cores: [4]; Memory: [2.6GB];

2017-11-09 16:14:42,555 - [INFO] - from org.nd4j.linalg.api.ops.executioner.DefaultOpExecutioner in Thread-2
                
Blas vendor: [OPENBLAS]

2017-11-09 16:14:47,805 - [INFO] - from org.deeplearning4j.nn.multilayer.MultiLayerNetwork in Thread-2
                
Starting MultiLayerNetwork with WorkspaceModes set to [training: NONE; inference: SEPARATE]

2017-11-09 16:14:48,457 - [INFO] - from org.deeplearning4j.optimize.listeners.ScoreIterationListener in Thread-2
                
Score at iteration 0 is 2.3464891705623723

2017-11-09 16:14:48,493 - [INFO] - from org.deeplearning4j.optimize.listeners.ScoreIterationListener in Thread-2
                
Score at iteration 1 is 2.3305461171723403

2017-11-09 16:14:48,553 - [INFO] - from org.deeplearning4j.optimize.listeners.ScoreIterationListener in Thread-2
                
Score at iteration 2 is 2.3167860268024163

2017-11-09 16:14:48,586 - [INFO] - from org.deeplearning4j.optimize.listeners.ScoreIterationListener in Thread-2
                
Score at iteration 3 is 2.2717928642065366

2017-11-09 16:14:48,618 - [INFO] - from org.deeplearning4j.optimize.listeners.ScoreIterationListener in Thread-2
                
Score at iteration 4 is 2.2650935404609323

2017-11-09 16:14:48,705 - [INFO] - from org.deeplearning4j.optimize.listeners.ScoreIterationListener in Thread-2
                
Score at iteration 5 is 2.2236702195673614

2017-11-09 16:14:48,770 - [INFO] - from org.deeplearning4j.optimize.listeners.ScoreIterationListener in Thread-2
                
Score at iteration 6 is 2.2076701872350784

2017-11-09 16:14:48,808 - [INFO] - from org.deeplearning4j.optimize.listeners.ScoreIterationListener in Thread-2
                
Score at iteration 7 is 2.1554474600332063

2017-11-09 16:14:48,843 - [INFO] - from org.deeplearning4j.optimize.listeners.ScoreIterationListener in Thread-2
                
Score at iteration 8 is 2.1186606710282674

2017-11-09 16:14:48,879 - [INFO] - from org.deeplearning4j.optimize.listeners.ScoreIterationListener in Thread-2
                
Score at iteration 9 is 2.0563204211095845

2017-11-09 16:14:48,908 - [INFO] - from org.deeplearning4j.optimize.listeners.ScoreIterationListener in Thread-2
                
Score at iteration 10 is 2.0282561808282438

2017-11-09 16:14:48,945 - [INFO] - from org.deeplearning4j.optimize.listeners.ScoreIterationListener in Thread-2
                
Score at iteration 11 is 1.9707870663919427

2017-11-09 16:14:48,983 - [INFO] - from org.deeplearning4j.optimize.listeners.ScoreIterationListener in Thread-2
                
Score at iteration 12 is 1.9120089140214127

2017-11-09 16:14:49,019 - [INFO] - from org.deeplearning4j.optimize.listeners.ScoreIterationListener in Thread-2
                
Score at iteration 13 is 1.8452227640799241

2017-11-09 16:14:49,059 - [INFO] - from org.deeplearning4j.optimize.listeners.ScoreIterationListener in Thread-2
                
Score at iteration 14 is 1.8279240886596049

2017-11-09 16:14:49,096 - [INFO] - from org.deeplearning4j.optimize.listeners.ScoreIterationListener in Thread-2
                
Score at iteration 15 is 1.7829915125676254

2017-11-09 16:14:49,130 - [INFO] - from org.deeplearning4j.optimize.listeners.ScoreIterationListener in Thread-2
                
Score at iteration 16 is 1.6984785935804314

2017-11-09 16:14:49,169 - [INFO] - from org.deeplearning4j.optimize.listeners.ScoreIterationListener in Thread-2
                
Score at iteration 17 is 1.723271062811436

2017-11-09 16:14:49,197 - [INFO] - from org.deeplearning4j.optimize.listeners.ScoreIterationListener in Thread-2
                
Score at iteration 18 is 1.6102211159183708

2017-11-09 16:14:49,226 - [INFO] - from org.deeplearning4j.optimize.listeners.ScoreIterationListener in Thread-2
                
Score at iteration 19 is 1.657290466905984

2017-11-09 16:14:49,287 - [INFO] - from org.deeplearning4j.optimize.listeners.ScoreIterationListener in Thread-2
                
Score at iteration 20 is 1.5735488436892202

2017-11-09 16:14:49,340 - [INFO] - from org.deeplearning4j.optimize.listeners.ScoreIterationListener in Thread-2
                
Score at iteration 21 is 1.5950975197510382

2017-11-09 16:14:49,375 - [INFO] - from org.deeplearning4j.optimize.listeners.ScoreIterationListener in Thread-2
                
Score at iteration 22 is 1.4047755271334461

2017-11-09 16:14:49,414 - [INFO] - from org.deeplearning4j.optimize.listeners.ScoreIterationListener in Thread-2
                
Score at iteration 23 is 1.4409701416840461

2017-11-09 16:14:49,449 - [INFO] - from org.deeplearning4j.optimize.listeners.ScoreIterationListener in Thread-2
                
Score at iteration 24 is 1.4031823988597956

2017-11-09 16:14:49,480 - [INFO] - from org.deeplearning4j.optimize.listeners.ScoreIterationListener in Thread-2
                
Score at iteration 25 is 1.3283994890497965

2017-11-09 16:14:49,514 - [INFO] - from org.deeplearning4j.optimize.listeners.ScoreIterationListener in Thread-2
                
Score at iteration 26 is 1.280668384941527

2017-11-09 16:14:49,545 - [INFO] - from org.deeplearning4j.optimize.listeners.ScoreIterationListener in Thread-2
                
Score at iteration 27 is 1.285981841898435

2017-11-09 16:14:49,578 - [INFO] - from org.deeplearning4j.optimize.listeners.ScoreIterationListener in Thread-2
                
Score at iteration 28 is 1.2397410977148768

2017-11-09 16:14:49,609 - [INFO] - from org.deeplearning4j.optimize.listeners.ScoreIterationListener in Thread-2
                
Score at iteration 29 is 1.1577893056734438

2017-11-09 16:14:49,670 - [INFO] - from org.deeplearning4j.optimize.listeners.ScoreIterationListener in Thread-2
                
Score at iteration 30 is 1.1368392939941627

2017-11-09 16:14:49,714 - [INFO] - from org.deeplearning4j.optimize.listeners.ScoreIterationListener in Thread-2
                
Score at iteration 31 is 1.0573241432567702

2017-11-09 16:14:49,751 - [INFO] - from org.deeplearning4j.optimize.listeners.ScoreIterationListener in Thread-2
                
Score at iteration 32 is 1.0796914495270369

2017-11-09 16:14:49,784 - [INFO] - from org.deeplearning4j.optimize.listeners.ScoreIterationListener in Thread-2
                
Score at iteration 33 is 0.997780433200128

2017-11-09 16:14:49,819 - [INFO] - from org.deeplearning4j.optimize.listeners.ScoreIterationListener in Thread-2
                
Score at iteration 34 is 1.137071076180943

2017-11-09 16:14:49,853 - [INFO] - from org.deeplearning4j.optimize.listeners.ScoreIterationListener in Thread-2
                
Score at iteration 35 is 0.9935500166402227

2017-11-09 16:14:49,883 - [INFO] - from org.deeplearning4j.optimize.listeners.ScoreIterationListener in Thread-2
                
Score at iteration 36 is 1.0205064696776691

2017-11-09 16:14:49,921 - [INFO] - from org.deeplearning4j.optimize.listeners.ScoreIterationListener in Thread-2
                
Score at iteration 37 is 1.0391790101571536

2017-11-09 16:14:49,950 - [INFO] - from org.deeplearning4j.optimize.listeners.ScoreIterationListener in Thread-2
                
Score at iteration 38 is 0.8550746991422322

2017-11-09 16:14:49,983 - [INFO] - from org.deeplearning4j.optimize.listeners.ScoreIterationListener in Thread-2
                
Score at iteration 39 is 0.9312409872615838

2017-11-09 16:14:50,013 - [INFO] - from org.deeplearning4j.optimize.listeners.ScoreIterationListener in Thread-2
                
Score at iteration 40 is 0.9595079670465642

2017-11-09 16:14:50,053 - [INFO] - from org.deeplearning4j.optimize.listeners.ScoreIterationListener in Thread-2
                
Score at iteration 41 is 0.9127704864034474

2017-11-09 16:14:50,095 - [INFO] - from org.deeplearning4j.optimize.listeners.ScoreIterationListener in Thread-2
                
Score at iteration 42 is 0.9421354429209364

2017-11-09 16:14:50,128 - [INFO] - from org.deeplearning4j.optimize.listeners.ScoreIterationListener in Thread-2
                
Score at iteration 43 is 0.9527565263134403

2017-11-09 16:14:50,164 - [INFO] - from org.deeplearning4j.optimize.listeners.ScoreIterationListener in Thread-2
                
Score at iteration 44 is 0.8701910527066432

2017-11-09 16:14:50,194 - [INFO] - from org.deeplearning4j.optimize.listeners.ScoreIterationListener in Thread-2
                
Score at iteration 45 is 0.9056325816856267

2017-11-09 16:14:50,241 - [INFO] - from org.deeplearning4j.optimize.listeners.ScoreIterationListener in Thread-2
                
Score at iteration 46 is 0.9747241505749302

2017-11-09 16:14:50,293 - [INFO] - from org.deeplearning4j.optimize.listeners.ScoreIterationListener in Thread-2
                
Score at iteration 47 is 0.7505214689156284

2017-11-09 16:14:50,350 - [INFO] - from org.deeplearning4j.optimize.listeners.ScoreIterationListener in Thread-2
                
Score at iteration 48 is 0.7895491100023059

2017-11-09 16:14:50,393 - [INFO] - from org.deeplearning4j.optimize.listeners.ScoreIterationListener in Thread-2
                
Score at iteration 49 is 0.8677481460178941

2017-11-09 16:14:50,433 - [INFO] - from org.deeplearning4j.optimize.listeners.ScoreIterationListener in Thread-2
                
Score at iteration 50 is 0.759180736764314

2017-11-09 16:14:50,480 - [INFO] - from org.deeplearning4j.optimize.listeners.ScoreIterationListener in Thread-2
                
Score at iteration 51 is 0.7756076065550312

2017-11-09 16:14:50,525 - [INFO] - from org.deeplearning4j.optimize.listeners.ScoreIterationListener in Thread-2
                
Score at iteration 52 is 0.7080027148554744

2017-11-09 16:14:50,563 - [INFO] - from org.deeplearning4j.optimize.listeners.ScoreIterationListener in Thread-2
                
Score at iteration 53 is 0.794421531403973

2017-11-09 16:14:50,592 - [INFO] - from org.deeplearning4j.optimize.listeners.ScoreIterationListener in Thread-2
                
Score at iteration 54 is 0.8775564855437146

2017-11-09 16:14:50,624 - [INFO] - from org.deeplearning4j.optimize.listeners.ScoreIterationListener in Thread-2
                
Score at iteration 55 is 0.751835692301868

2017-11-09 16:14:50,656 - [INFO] - from org.deeplearning4j.optimize.listeners.ScoreIterationListener in Thread-2
                
Score at iteration 56 is 0.6952132501596311

2017-11-09 16:14:50,690 - [INFO] - from org.deeplearning4j.optimize.listeners.ScoreIterationListener in Thread-2
                
Score at iteration 57 is 0.7317013692604732

2017-11-09 16:14:50,723 - [INFO] - from org.deeplearning4j.optimize.listeners.ScoreIterationListener in Thread-2
                
Score at iteration 58 is 0.7276802038187253

2017-11-09 16:14:50,751 - [INFO] - from org.deeplearning4j.optimize.listeners.ScoreIterationListener in Thread-2
                
Score at iteration 59 is 0.7461501362039459

2017-11-09 16:14:50,782 - [INFO] - from org.deeplearning4j.optimize.listeners.ScoreIterationListener in Thread-2
                
Score at iteration 60 is 0.7709555655036421

2017-11-09 16:14:50,814 - [INFO] - from org.deeplearning4j.optimize.listeners.ScoreIterationListener in Thread-2
                
Score at iteration 61 is 0.785698355246761

2017-11-09 16:14:50,849 - [INFO] - from org.deeplearning4j.optimize.listeners.ScoreIterationListener in Thread-2
                
Score at iteration 62 is 0.7301468252669328

2017-11-09 16:14:50,885 - [INFO] - from org.deeplearning4j.optimize.listeners.ScoreIterationListener in Thread-2
                
Score at iteration 63 is 0.649335442653913

2017-11-09 16:14:50,913 - [INFO] - from org.deeplearning4j.optimize.listeners.ScoreIterationListener in Thread-2
                
Score at iteration 64 is 0.7150184467552131

2017-11-09 16:14:50,949 - [INFO] - from org.deeplearning4j.optimize.listeners.ScoreIterationListener in Thread-2
                
Score at iteration 65 is 0.7228120491780886

2017-11-09 16:14:50,986 - [INFO] - from org.deeplearning4j.optimize.listeners.ScoreIterationListener in Thread-2
                
Score at iteration 66 is 0.6625711207443652

2017-11-09 16:14:51,017 - [INFO] - from org.deeplearning4j.optimize.listeners.ScoreIterationListener in Thread-2
                
Score at iteration 67 is 0.8033492396693671

2017-11-09 16:14:51,058 - [INFO] - from org.deeplearning4j.optimize.listeners.ScoreIterationListener in Thread-2
                
Score at iteration 68 is 0.7698201307278566

2017-11-09 16:14:51,124 - [INFO] - from org.deeplearning4j.optimize.listeners.ScoreIterationListener in Thread-2
                
Score at iteration 69 is 0.6968015117791615

2017-11-09 16:14:51,165 - [INFO] - from org.deeplearning4j.optimize.listeners.ScoreIterationListener in Thread-2
                
Score at iteration 70 is 0.739161094905894

2017-11-09 16:14:51,197 - [INFO] - from org.deeplearning4j.optimize.listeners.ScoreIterationListener in Thread-2
                
Score at iteration 71 is 0.5905331490913885

2017-11-09 16:14:51,229 - [INFO] - from org.deeplearning4j.optimize.listeners.ScoreIterationListener in Thread-2
                
Score at iteration 72 is 0.6496613040725677

2017-11-09 16:14:51,262 - [INFO] - from org.deeplearning4j.optimize.listeners.ScoreIterationListener in Thread-2
                
Score at iteration 73 is 0.6098037282088685

2017-11-09 16:14:51,300 - [INFO] - from org.deeplearning4j.optimize.listeners.ScoreIterationListener in Thread-2
                
Score at iteration 74 is 0.5851742474230015

2017-11-09 16:14:51,337 - [INFO] - from org.deeplearning4j.optimize.listeners.ScoreIterationListener in Thread-2
                
Score at iteration 75 is 0.5759605480883111

2017-11-09 16:14:51,368 - [INFO] - from org.deeplearning4j.optimize.listeners.ScoreIterationListener in Thread-2
                
Score at iteration 76 is 0.6839455596212717

2017-11-09 16:14:51,398 - [INFO] - from org.deeplearning4j.optimize.listeners.ScoreIterationListener in Thread-2
                
Score at iteration 77 is 0.5513701576084254

2017-11-09 16:14:51,430 - [INFO] - from org.deeplearning4j.optimize.listeners.ScoreIterationListener in Thread-2
                
Score at iteration 78 is 0.6877634560362518

2017-11-09 16:14:51,467 - [INFO] - from org.deeplearning4j.optimize.listeners.ScoreIterationListener in Thread-2
                
Score at iteration 79 is 0.6505104222523008

2017-11-09 16:14:51,497 - [INFO] - from org.deeplearning4j.optimize.listeners.ScoreIterationListener in Thread-2
                
Score at iteration 80 is 0.47784967191818095

2017-11-09 16:14:51,527 - [INFO] - from org.deeplearning4j.optimize.listeners.ScoreIterationListener in Thread-2
                
Score at iteration 81 is 0.6411873400556581

2017-11-09 16:14:51,557 - [INFO] - from org.deeplearning4j.optimize.listeners.ScoreIterationListener in Thread-2
                
Score at iteration 82 is 0.5657453691293838

2017-11-09 16:14:51,594 - [INFO] - from org.deeplearning4j.optimize.listeners.ScoreIterationListener in Thread-2
                
Score at iteration 83 is 0.6223137394354421

2017-11-09 16:14:51,633 - [INFO] - from org.deeplearning4j.optimize.listeners.ScoreIterationListener in Thread-2
                
Score at iteration 84 is 0.6193750368922569

2017-11-09 16:14:51,667 - [INFO] - from org.deeplearning4j.optimize.listeners.ScoreIterationListener in Thread-2
                
Score at iteration 85 is 0.5089659995996639

2017-11-09 16:14:51,693 - [INFO] - from org.deeplearning4j.optimize.listeners.ScoreIterationListener in Thread-2
                
Score at iteration 86 is 0.59883983713628

2017-11-09 16:14:51,729 - [INFO] - from org.deeplearning4j.optimize.listeners.ScoreIterationListener in Thread-2
                
Score at iteration 87 is 0.571033363642058

2017-11-09 16:14:51,756 - [INFO] - from org.deeplearning4j.optimize.listeners.ScoreIterationListener in Thread-2
                
Score at iteration 88 is 0.6328140403821964

2017-11-09 16:14:51,782 - [INFO] - from org.deeplearning4j.optimize.listeners.ScoreIterationListener in Thread-2
                
Score at iteration 89 is 0.6030639142316909

2017-11-09 16:14:51,816 - [INFO] - from org.deeplearning4j.optimize.listeners.ScoreIterationListener in Thread-2
                
Score at iteration 90 is 0.5497697156910952

2017-11-09 16:14:51,849 - [INFO] - from org.deeplearning4j.optimize.listeners.ScoreIterationListener in Thread-2
                
Score at iteration 91 is 0.7003243562354786

2017-11-09 16:14:51,881 - [INFO] - from org.deeplearning4j.optimize.listeners.ScoreIterationListener in Thread-2
                
Score at iteration 92 is 0.5840124297720267

2017-11-09 16:14:51,912 - [INFO] - from org.deeplearning4j.optimize.listeners.ScoreIterationListener in Thread-2
                
Score at iteration 93 is 0.5302230938552142

2017-11-09 16:14:51,951 - [INFO] - from org.deeplearning4j.optimize.listeners.ScoreIterationListener in Thread-2
                
Score at iteration 94 is 0.6400582228247608

2017-11-09 16:14:51,985 - [INFO] - from org.deeplearning4j.optimize.listeners.ScoreIterationListener in Thread-2
                
Score at iteration 95 is 0.5780676470531491

2017-11-09 16:14:52,017 - [INFO] - from org.deeplearning4j.optimize.listeners.ScoreIterationListener in Thread-2
                
Score at iteration 96 is 0.5101745383214169

2017-11-09 16:14:52,047 - [INFO] - from org.deeplearning4j.optimize.listeners.ScoreIterationListener in Thread-2
                
Score at iteration 97 is 0.520972556887792

2017-11-09 16:14:52,130 - [INFO] - from org.deeplearning4j.optimize.listeners.ScoreIterationListener in Thread-2
                
Score at iteration 98 is 0.5311303015164883

2017-11-09 16:14:52,179 - [INFO] - from org.deeplearning4j.optimize.listeners.ScoreIterationListener in Thread-2
                
Score at iteration 99 is 0.49842390018966376

2017-11-09 16:14:52,216 - [INFO] - from org.deeplearning4j.optimize.listeners.ScoreIterationListener in Thread-2
                
Score at iteration 100 is 0.6418644841559604

2017-11-09 16:14:52,250 - [INFO] - from org.deeplearning4j.optimize.listeners.ScoreIterationListener in Thread-2
                
Score at iteration 101 is 0.5185503783804822

2017-11-09 16:14:52,280 - [INFO] - from org.deeplearning4j.optimize.listeners.ScoreIterationListener in Thread-2
                
Score at iteration 102 is 0.47137763218803347

2017-11-09 16:14:52,310 - [INFO] - from org.deeplearning4j.optimize.listeners.ScoreIterationListener in Thread-2
                
Score at iteration 103 is 0.5674266230215934

2017-11-09 16:14:52,343 - [INFO] - from org.deeplearning4j.optimize.listeners.ScoreIterationListener in Thread-2
                
Score at iteration 104 is 0.5534473446393955

2017-11-09 16:14:52,377 - [INFO] - from org.deeplearning4j.optimize.listeners.ScoreIterationListener in Thread-2
                
Score at iteration 105 is 0.5262254637991691

2017-11-09 16:14:52,408 - [INFO] - from org.deeplearning4j.optimize.listeners.ScoreIterationListener in Thread-2
                
Score at iteration 106 is 0.5353450119607404

2017-11-09 16:14:52,435 - [INFO] - from org.deeplearning4j.optimize.listeners.ScoreIterationListener in Thread-2
                
Score at iteration 107 is 0.49004015469541035

2017-11-09 16:14:52,468 - [INFO] - from org.deeplearning4j.optimize.listeners.ScoreIterationListener in Thread-2
                
Score at iteration 108 is 0.549936661947313

2017-11-09 16:14:52,516 - [INFO] - from org.deeplearning4j.optimize.listeners.ScoreIterationListener in Thread-2
                
Score at iteration 109 is 0.5507966735151176

2017-11-09 16:14:52,585 - [INFO] - from org.deeplearning4j.optimize.listeners.ScoreIterationListener in Thread-2
                
Score at iteration 110 is 0.5549181327096384

2017-11-09 16:14:52,623 - [INFO] - from org.deeplearning4j.optimize.listeners.ScoreIterationListener in Thread-2
                
Score at iteration 111 is 0.4931716017292591

2017-11-09 16:14:52,656 - [INFO] - from org.deeplearning4j.optimize.listeners.ScoreIterationListener in Thread-2
                
Score at iteration 112 is 0.5466962197966679

2017-11-09 16:14:52,688 - [INFO] - from org.deeplearning4j.optimize.listeners.ScoreIterationListener in Thread-2
                
Score at iteration 113 is 0.581731686671151

2017-11-09 16:14:52,720 - [INFO] - from org.deeplearning4j.optimize.listeners.ScoreIterationListener in Thread-2
                
Score at iteration 114 is 0.4441566901895387

2017-11-09 16:14:52,750 - [INFO] - from org.deeplearning4j.optimize.listeners.ScoreIterationListener in Thread-2
                
Score at iteration 115 is 0.5725768368014857

2017-11-09 16:14:52,782 - [INFO] - from org.deeplearning4j.optimize.listeners.ScoreIterationListener in Thread-2
                
Score at iteration 116 is 0.4600182667505055

2017-11-09 16:14:52,811 - [INFO] - from org.deeplearning4j.optimize.listeners.ScoreIterationListener in Thread-2
                
Score at iteration 117 is 0.4631478128536855

2017-11-09 16:14:52,838 - [INFO] - from org.deeplearning4j.optimize.listeners.ScoreIterationListener in Thread-2
                
Score at iteration 118 is 0.5786813470690886

2017-11-09 16:14:52,870 - [INFO] - from org.deeplearning4j.optimize.listeners.ScoreIterationListener in Thread-2
                
Score at iteration 119 is 0.4799400281806781

2017-11-09 16:14:52,905 - [INFO] - from org.deeplearning4j.optimize.listeners.ScoreIterationListener in Thread-2
                
Score at iteration 120 is 0.48494545228007985

2017-11-09 16:14:52,939 - [INFO] - from org.deeplearning4j.optimize.listeners.ScoreIterationListener in Thread-2
                
Score at iteration 121 is 0.489030935521548

2017-11-09 16:14:52,969 - [INFO] - from org.deeplearning4j.optimize.listeners.ScoreIterationListener in Thread-2
                
Score at iteration 122 is 0.5199431903184999

2017-11-09 16:14:52,999 - [INFO] - from org.deeplearning4j.optimize.listeners.ScoreIterationListener in Thread-2
                
Score at iteration 123 is 0.37714867436106136

2017-11-09 16:14:53,028 - [INFO] - from org.deeplearning4j.optimize.listeners.ScoreIterationListener in Thread-2
                
Score at iteration 124 is 0.5000104514087386

2017-11-09 16:14:53,055 - [INFO] - from org.deeplearning4j.optimize.listeners.ScoreIterationListener in Thread-2
                
Score at iteration 125 is 0.4091296433484448

2017-11-09 16:14:53,091 - [INFO] - from org.deeplearning4j.optimize.listeners.ScoreIterationListener in Thread-2
                
Score at iteration 126 is 0.47623476187615765

2017-11-09 16:14:53,122 - [INFO] - from org.deeplearning4j.optimize.listeners.ScoreIterationListener in Thread-2
                
Score at iteration 127 is 0.481054158770149

2017-11-09 16:14:53,151 - [INFO] - from org.deeplearning4j.optimize.listeners.ScoreIterationListener in Thread-2
                
Score at iteration 128 is 0.5819092720774389

2017-11-09 16:14:53,196 - [INFO] - from org.deeplearning4j.optimize.listeners.ScoreIterationListener in Thread-2
                
Score at iteration 129 is 0.5578281311247719

2017-11-09 16:14:53,249 - [INFO] - from org.deeplearning4j.optimize.listeners.ScoreIterationListener in Thread-2
                
Score at iteration 130 is 0.5648807618639007

2017-11-09 16:14:53,283 - [INFO] - from org.deeplearning4j.optimize.listeners.ScoreIterationListener in Thread-2
                
Score at iteration 131 is 0.3776617073071666

2017-11-09 16:14:53,317 - [INFO] - from org.deeplearning4j.optimize.listeners.ScoreIterationListener in Thread-2
                
Score at iteration 132 is 0.4726460901181446

2017-11-09 16:14:53,364 - [INFO] - from org.deeplearning4j.optimize.listeners.ScoreIterationListener in Thread-2
                
Score at iteration 133 is 0.4855492738804936

2017-11-09 16:14:53,395 - [INFO] - from org.deeplearning4j.optimize.listeners.ScoreIterationListener in Thread-2
                
Score at iteration 134 is 0.47871911768692044

2017-11-09 16:14:53,424 - [INFO] - from org.deeplearning4j.optimize.listeners.ScoreIterationListener in Thread-2
                
Score at iteration 135 is 0.3670150073818446

2017-11-09 16:14:53,451 - [INFO] - from org.deeplearning4j.optimize.listeners.ScoreIterationListener in Thread-2
                
Score at iteration 136 is 0.5997978780161127

2017-11-09 16:14:53,485 - [INFO] - from org.deeplearning4j.optimize.listeners.ScoreIterationListener in Thread-2
                
Score at iteration 137 is 0.4210141914902784

2017-11-09 16:14:53,518 - [INFO] - from org.deeplearning4j.optimize.listeners.ScoreIterationListener in Thread-2
                
Score at iteration 138 is 0.3812865927525515

2017-11-09 16:14:53,548 - [INFO] - from org.deeplearning4j.optimize.listeners.ScoreIterationListener in Thread-2
                
Score at iteration 139 is 0.45898071124308726

2017-11-09 16:14:53,578 - [INFO] - from org.deeplearning4j.optimize.listeners.ScoreIterationListener in Thread-2
                
Score at iteration 140 is 0.4365504991032105

2017-11-09 16:14:53,608 - [INFO] - from org.deeplearning4j.optimize.listeners.ScoreIterationListener in Thread-2
                
Score at iteration 141 is 0.4483985322642068

2017-11-09 16:14:53,644 - [INFO] - from org.deeplearning4j.optimize.listeners.ScoreIterationListener in Thread-2
                
Score at iteration 142 is 0.3559071726553689

2017-11-09 16:14:53,679 - [INFO] - from org.deeplearning4j.optimize.listeners.ScoreIterationListener in Thread-2
                
Score at iteration 143 is 0.5034136772686278

2017-11-09 16:14:53,706 - [INFO] - from org.deeplearning4j.optimize.listeners.ScoreIterationListener in Thread-2
                
Score at iteration 144 is 0.4255491474003396

2017-11-09 16:14:53,737 - [INFO] - from org.deeplearning4j.optimize.listeners.ScoreIterationListener in Thread-2
                
Score at iteration 145 is 0.4154325685220903

2017-11-09 16:14:53,767 - [INFO] - from org.deeplearning4j.optimize.listeners.ScoreIterationListener in Thread-2
                
Score at iteration 146 is 0.44654753393921814

2017-11-09 16:14:53,796 - [INFO] - from org.deeplearning4j.optimize.listeners.ScoreIterationListener in Thread-2
                
Score at iteration 147 is 0.5526385258447545

2017-11-09 16:14:53,826 - [INFO] - from org.deeplearning4j.optimize.listeners.ScoreIterationListener in Thread-2
                
Score at iteration 148 is 0.501542770460668

2017-11-09 16:14:53,863 - [INFO] - from org.deeplearning4j.optimize.listeners.ScoreIterationListener in Thread-2
                
Score at iteration 149 is 0.5651956726419527

2017-11-09 16:14:53,894 - [INFO] - from org.deeplearning4j.optimize.listeners.ScoreIterationListener in Thread-2
                
Score at iteration 150 is 0.4867301790173318

2017-11-09 16:14:53,922 - [INFO] - from org.deeplearning4j.optimize.listeners.ScoreIterationListener in Thread-2
                
Score at iteration 151 is 0.400344299372561

2017-11-09 16:14:53,952 - [INFO] - from org.deeplearning4j.optimize.listeners.ScoreIterationListener in Thread-2
                
Score at iteration 152 is 0.43005846303546846

2017-11-09 16:14:53,989 - [INFO] - from org.deeplearning4j.optimize.listeners.ScoreIterationListener in Thread-2
                
Score at iteration 153 is 0.4377238254391598

2017-11-09 16:14:54,024 - [INFO] - from org.deeplearning4j.optimize.listeners.ScoreIterationListener in Thread-2
                
Score at iteration 154 is 0.4092003773142643

2017-11-09 16:14:54,073 - [INFO] - from org.deeplearning4j.optimize.listeners.ScoreIterationListener in Thread-2
                
Score at iteration 155 is 0.4672294605902619

2017-11-09 16:14:54,109 - [INFO] - from org.deeplearning4j.optimize.listeners.ScoreIterationListener in Thread-2
                
Score at iteration 156 is 0.45586794986783585

